SF:lib\src\reorderable_grid.dart
DA:37,1
DA:57,1
DA:58,1
DA:141,0
DA:143,0
DA:144,0
DA:146,0
DA:147,0
DA:149,0
DA:152,0
DA:158,0
DA:181,0
DA:182,0
DA:185,1
DA:186,1
DA:218,0
DA:223,0
DA:234,0
DA:235,0
DA:238,1
DA:240,1
DA:241,2
DA:242,2
DA:243,2
DA:244,2
DA:245,2
DA:246,2
DA:247,2
DA:248,2
DA:249,2
DA:250,2
DA:251,2
DA:252,2
DA:253,1
DA:254,1
DA:255,2
DA:256,1
DA:257,1
DA:258,2
DA:259,2
DA:260,2
DA:261,2
DA:262,2
DA:295,2
DA:302,3
DA:303,2
DA:319,2
DA:320,2
DA:337,2
DA:339,2
DA:340,2
DA:342,0
DA:343,0
DA:346,0
DA:349,0
DA:355,0
DA:378,2
DA:379,2
DA:414,0
DA:416,0
DA:417,0
DA:418,0
DA:422,2
DA:424,2
DA:425,2
DA:439,2
DA:444,8
DA:445,4
DA:446,2
DA:447,0
DA:449,4
DA:450,2
DA:451,2
DA:452,4
DA:453,2
DA:455,0
DA:470,0
DA:471,0
DA:474,2
DA:475,6
DA:476,8
DA:477,0
DA:478,0
DA:482,2
DA:483,4
DA:484,2
DA:485,4
DA:489,2
DA:490,2
DA:491,6
DA:492,2
DA:493,2
DA:495,4
DA:497,4
DA:500,2
DA:501,2
DA:502,2
DA:503,2
DA:504,4
DA:507,4
DA:509,4
DA:510,2
DA:511,8
DA:512,4
DA:514,6
DA:515,4
DA:516,4
DA:518,2
DA:521,2
DA:522,4
DA:523,4
DA:524,2
DA:525,2
DA:529,0
DA:530,0
DA:533,2
DA:534,4
DA:535,10
DA:537,6
DA:543,0
DA:544,0
DA:549,2
DA:550,2
DA:551,2
DA:552,2
DA:553,0
DA:555,2
DA:558,2
DA:559,4
DA:560,2
DA:561,8
DA:562,6
DA:563,2
DA:564,2
DA:565,2
DA:567,4
DA:568,2
DA:569,2
DA:570,4
DA:571,2
DA:572,4
DA:573,2
DA:574,2
DA:579,2
DA:580,6
DA:581,2
DA:585,2
DA:586,2
DA:588,2
DA:590,6
DA:591,8
DA:593,2
DA:594,6
DA:597,4
DA:598,0
DA:600,0
DA:601,0
DA:605,2
DA:606,8
DA:610,6
DA:619,8
DA:620,2
DA:622,2
DA:623,6
DA:626,12
DA:627,8
DA:629,2
DA:630,0
DA:631,0
DA:632,0
DA:633,0
DA:634,2
DA:635,0
DA:636,0
DA:637,0
DA:638,0
DA:641,0
DA:642,0
DA:643,0
DA:648,0
DA:649,0
DA:650,0
DA:651,0
DA:656,2
DA:657,6
DA:658,6
DA:660,4
DA:662,0
DA:663,0
DA:666,2
DA:667,8
DA:670,2
DA:673,2
DA:674,8
DA:675,6
DA:678,4
DA:679,2
DA:681,2
DA:682,2
DA:683,4
DA:686,4
DA:691,2
DA:693,2
DA:695,2
DA:696,2
DA:700,8
DA:702,2
DA:704,4
DA:710,2
DA:715,2
DA:721,2
DA:722,2
DA:732,0
DA:733,6
DA:735,0
DA:736,2
DA:737,2
DA:738,4
DA:739,2
DA:746,2
DA:748,6
DA:749,4
DA:750,2
DA:753,2
DA:755,2
DA:756,6
DA:757,2
DA:760,2
DA:762,2
DA:763,8
DA:764,0
DA:765,0
DA:769,2
DA:771,2
DA:774,4
DA:775,2
DA:776,10
DA:777,4
DA:781,2
DA:783,6
DA:784,2
DA:787,2
DA:788,2
DA:790,0
DA:791,0
DA:793,2
DA:796,2
DA:797,2
DA:799,6
DA:801,4
DA:802,0
DA:805,0
DA:806,0
DA:807,0
DA:810,0
DA:811,0
DA:812,0
DA:813,0
DA:814,0
DA:815,0
DA:818,0
DA:820,0
DA:821,0
DA:824,0
DA:825,0
DA:826,0
DA:828,0
DA:830,0
DA:833,2
DA:834,2
DA:835,0
DA:836,0
DA:838,2
DA:839,2
DA:840,2
DA:843,2
DA:844,4
DA:846,6
DA:847,4
DA:850,2
DA:851,2
DA:852,4
DA:877,2
DA:882,2
DA:897,2
DA:899,2
DA:900,2
DA:901,4
DA:903,2
DA:912,1
DA:914,1
DA:917,2
DA:919,2
DA:920,2
DA:921,2
DA:923,2
DA:949,2
DA:954,2
DA:956,2
DA:958,2
DA:967,2
DA:978,4
DA:979,4
DA:980,4
DA:981,6
DA:982,6
DA:983,2
DA:984,4
DA:985,6
DA:986,6
DA:1006,2
DA:1007,2
DA:1010,2
DA:1011,4
DA:1012,2
DA:1015,4
DA:1016,2
DA:1017,2
DA:1020,2
DA:1023,2
DA:1025,6
DA:1026,6
DA:1029,2
DA:1031,4
DA:1032,2
DA:1035,0
DA:1037,0
DA:1038,0
DA:1039,0
DA:1042,2
DA:1043,4
DA:1044,2
DA:1045,2
DA:1048,2
DA:1049,4
DA:1050,2
DA:1051,2
DA:1052,2
DA:1053,2
DA:1054,2
DA:1055,10
DA:1056,2
DA:1057,2
DA:1063,2
DA:1064,2
DA:1065,4
DA:1066,2
DA:1070,2
DA:1079,2
DA:1089,2
DA:1092,7
DA:1093,2
DA:1095,2
DA:1098,4
DA:1099,2
DA:1100,2
DA:1101,2
DA:1102,2
DA:1103,4
DA:1105,0
DA:1106,0
DA:1108,2
DA:1109,2
DA:1110,2
DA:1111,2
DA:1112,4
DA:1113,4
DA:1131,2
DA:1132,2
DA:1138,2
DA:1140,6
DA:1141,2
DA:1142,6
DA:1143,6
DA:1144,6
DA:1147,2
DA:1148,8
LF:377
LH:291
end_of_record
SF:lib\src\reorderable_grid_view.dart
DA:238,0
DA:260,0
DA:263,0
DA:264,0
DA:265,0
DA:286,1
DA:308,2
DA:309,1
DA:325,1
DA:349,1
DA:356,3
DA:359,2
DA:360,1
DA:361,1
DA:377,0
DA:401,0
DA:408,0
DA:411,0
DA:412,0
DA:413,0
DA:481,1
DA:482,1
DA:486,1
DA:487,0
DA:488,0
DA:489,0
DA:495,1
DA:498,0
DA:499,0
DA:500,0
DA:503,0
DA:506,2
DA:509,1
DA:510,1
DA:511,2
DA:513,1
DA:514,3
DA:515,0
DA:516,0
DA:517,0
DA:519,2
DA:524,4
DA:525,1
DA:526,3
DA:527,0
DA:528,0
DA:529,0
DA:531,2
DA:533,1
DA:534,2
DA:544,1
DA:545,1
DA:552,1
DA:553,2
DA:554,1
DA:555,1
DA:556,1
DA:563,1
DA:565,2
DA:567,2
DA:568,1
DA:569,1
DA:570,1
DA:571,0
DA:576,1
DA:577,1
DA:578,0
DA:579,1
DA:587,1
DA:588,1
DA:590,1
DA:591,2
DA:592,1
DA:593,1
DA:602,1
DA:604,1
DA:605,1
DA:607,1
DA:608,2
DA:609,2
DA:610,2
DA:611,2
DA:612,2
DA:613,2
DA:614,2
DA:615,2
DA:616,2
DA:617,2
DA:618,2
DA:619,2
DA:620,1
DA:621,1
DA:622,2
DA:623,1
DA:624,1
DA:625,2
DA:626,2
DA:627,2
DA:628,3
DA:643,1
DA:644,1
DA:649,1
DA:651,3
DA:654,1
DA:655,3
DA:656,3
DA:659,1
DA:660,3
LF:108
LH:82
end_of_record
